DEB [20170411-15:49:40.342] thr=1   paramiko.transport: starting thread (client mode): 0x2ad7860L
DEB [20170411-15:49:40.344] thr=1   paramiko.transport: Local version/idstring: SSH-2.0-paramiko_2.1.2
DEB [20170411-15:49:40.426] thr=1   paramiko.transport: Remote version/idstring: SSH-2.0-OpenSSH_5.3
INF [20170411-15:49:40.426] thr=1   paramiko.transport: Connected (version 2.0, client OpenSSH_5.3)
DEB [20170411-15:49:40.505] thr=1   paramiko.transport: kex algos:[u'diffie-hellman-group-exchange-sha256', u'diffie-hellman-group-exchange-sha1', u'diffie-hellman-group14-sha1', u'diffie-hellman-group1-sha1'] server key:[u'ssh-rsa', u'ssh-dss'] client encrypt:[u'aes128-ctr', u'aes192-ctr', u'aes256-ctr', u'arcfour256', u'arcfour128', u'aes128-cbc', u'3des-cbc', u'blowfish-cbc', u'cast128-cbc', u'aes192-cbc', u'aes256-cbc', u'arcfour', u'rijndael-cbc@lysator.liu.se'] server encrypt:[u'aes128-ctr', u'aes192-ctr', u'aes256-ctr', u'arcfour256', u'arcfour128', u'aes128-cbc', u'3des-cbc', u'blowfish-cbc', u'cast128-cbc', u'aes192-cbc', u'aes256-cbc', u'arcfour', u'rijndael-cbc@lysator.liu.se'] client mac:[u'hmac-md5', u'hmac-sha1', u'umac-64@openssh.com', u'hmac-sha2-256', u'hmac-sha2-512', u'hmac-ripemd160', u'hmac-ripemd160@openssh.com', u'hmac-sha1-96', u'hmac-md5-96'] server mac:[u'hmac-md5', u'hmac-sha1', u'umac-64@openssh.com', u'hmac-sha2-256', u'hmac-sha2-512', u'hmac-ripemd160', u'hmac-ripemd160@openssh.com', u'hmac-sha1-96', u'hmac-md5-96'] client compress:[u'none', u'zlib@openssh.com'] server compress:[u'none', u'zlib@openssh.com'] client lang:[u''] server lang:[u''] kex follows?False
DEB [20170411-15:49:40.505] thr=1   paramiko.transport: Kex agreed: diffie-hellman-group1-sha1
DEB [20170411-15:49:40.505] thr=1   paramiko.transport: Cipher agreed: aes128-ctr
DEB [20170411-15:49:40.505] thr=1   paramiko.transport: MAC agreed: hmac-sha2-256
DEB [20170411-15:49:40.505] thr=1   paramiko.transport: Compression agreed: none
DEB [20170411-15:49:40.711] thr=1   paramiko.transport: kex engine KexGroup1 specified hash_algo <built-in function openssl_sha1>
DEB [20170411-15:49:40.713] thr=1   paramiko.transport: Switch to new keys ...
DEB [20170411-15:49:40.743] thr=2   paramiko.transport: Adding ssh-rsa host key for [139.199.159.211]:10220: d50e5432776bd9feae42c1e2349c6b9a
DEB [20170411-15:49:40.746] thr=2   paramiko.transport: Trying key 72ad72e744ef1e35d413f77c62981458 from C:/Users/Rsy/rayjoy_ssh/id_rsa
DEB [20170411-15:49:40.852] thr=1   paramiko.transport: userauth is OK
INF [20170411-15:49:40.927] thr=1   paramiko.transport: Authentication (publickey) successful!
DEB [20170411-15:49:40.946] thr=2   paramiko.transport: [chan 0] Max packet in: 32768 bytes
DEB [20170411-15:49:40.996] thr=1   paramiko.transport: [chan 0] Max packet out: 32768 bytes
DEB [20170411-15:49:40.996] thr=1   paramiko.transport: Secsh channel 0 opened.
DEB [20170411-15:49:41.063] thr=1   paramiko.transport: [chan 0] Sesch channel 0 request ok
DEB [20170411-15:49:41.075] thr=1   paramiko.transport: [chan 0] EOF received (0)
DEB [20170411-15:49:41.075] thr=1   paramiko.transport: [chan 0] EOF sent (0)
DEB [20170411-15:49:41.125] thr=3   paramiko.transport: starting thread (client mode): 0x24a67f0L
DEB [20170411-15:49:41.125] thr=3   paramiko.transport: Local version/idstring: SSH-2.0-paramiko_2.1.2
DEB [20170411-15:49:41.183] thr=3   paramiko.transport: Remote version/idstring: SSH-2.0-OpenSSH_5.3
INF [20170411-15:49:41.184] thr=3   paramiko.transport: Connected (version 2.0, client OpenSSH_5.3)
DEB [20170411-15:49:41.246] thr=3   paramiko.transport: kex algos:[u'diffie-hellman-group-exchange-sha256', u'diffie-hellman-group-exchange-sha1', u'diffie-hellman-group14-sha1', u'diffie-hellman-group1-sha1'] server key:[u'ssh-rsa', u'ssh-dss'] client encrypt:[u'aes128-ctr', u'aes192-ctr', u'aes256-ctr', u'arcfour256', u'arcfour128', u'aes128-cbc', u'3des-cbc', u'blowfish-cbc', u'cast128-cbc', u'aes192-cbc', u'aes256-cbc', u'arcfour', u'rijndael-cbc@lysator.liu.se'] server encrypt:[u'aes128-ctr', u'aes192-ctr', u'aes256-ctr', u'arcfour256', u'arcfour128', u'aes128-cbc', u'3des-cbc', u'blowfish-cbc', u'cast128-cbc', u'aes192-cbc', u'aes256-cbc', u'arcfour', u'rijndael-cbc@lysator.liu.se'] client mac:[u'hmac-md5', u'hmac-sha1', u'umac-64@openssh.com', u'hmac-sha2-256', u'hmac-sha2-512', u'hmac-ripemd160', u'hmac-ripemd160@openssh.com', u'hmac-sha1-96', u'hmac-md5-96'] server mac:[u'hmac-md5', u'hmac-sha1', u'umac-64@openssh.com', u'hmac-sha2-256', u'hmac-sha2-512', u'hmac-ripemd160', u'hmac-ripemd160@openssh.com', u'hmac-sha1-96', u'hmac-md5-96'] client compress:[u'none', u'zlib@openssh.com'] server compress:[u'none', u'zlib@openssh.com'] client lang:[u''] server lang:[u''] kex follows?False
DEB [20170411-15:49:41.246] thr=3   paramiko.transport: Kex agreed: diffie-hellman-group1-sha1
DEB [20170411-15:49:41.246] thr=3   paramiko.transport: Cipher agreed: aes128-ctr
DEB [20170411-15:49:41.246] thr=3   paramiko.transport: MAC agreed: hmac-sha2-256
DEB [20170411-15:49:41.246] thr=3   paramiko.transport: Compression agreed: none
DEB [20170411-15:49:41.318] thr=3   paramiko.transport: kex engine KexGroup1 specified hash_algo <built-in function openssl_sha1>
DEB [20170411-15:49:41.319] thr=3   paramiko.transport: Switch to new keys ...
DEB [20170411-15:49:41.325] thr=2   paramiko.transport: Adding ssh-rsa host key for [182.254.230.16]:10220: 90c1b487e329dfbd1ef6428a89b78601
DEB [20170411-15:49:41.326] thr=2   paramiko.transport: Trying key 72ad72e744ef1e35d413f77c62981458 from C:/Users/Rsy/rayjoy_ssh/id_rsa
DEB [20170411-15:49:41.467] thr=3   paramiko.transport: userauth is OK
INF [20170411-15:49:41.519] thr=3   paramiko.transport: Authentication (publickey) successful!
DEB [20170411-15:49:41.526] thr=2   paramiko.transport: [chan 0] Max packet in: 32768 bytes
DEB [20170411-15:49:41.673] thr=3   paramiko.transport: [chan 0] Max packet out: 32768 bytes
DEB [20170411-15:49:41.673] thr=3   paramiko.transport: Secsh channel 0 opened.
DEB [20170411-15:49:41.743] thr=3   paramiko.transport: [chan 0] Sesch channel 0 request ok
DEB [20170411-15:49:41.756] thr=3   paramiko.transport: [chan 0] EOF received (0)
DEB [20170411-15:49:41.776] thr=1   paramiko.transport: EOF in transport thread
